# JRE version: OpenJDK Runtime Environment (11.0.12+7) (build 11.0.12+7-b1504.28-7817840)
# Java VM: OpenJDK 64-Bit Server VM (11.0.12+7-b1504.28-7817840, mixed mode, tiered, compressed oops, g1 gc, windows-amd64)
Heap:
 garbage-first heap   total 129024K, used 88430K [0x0000000080000000, 0x0000000100000000)
  region size 1024K, 10 young (10240K), 4 survivors (4096K)
 Metaspace       used 93071K, capacity 95199K, committed 95404K, reserved 1132544K
  class space    used 12135K, capacity 12947K, committed 13056K, reserved 1048576K
GC Heap History (20 events):
Event: 35.719 GC heap before
{Heap before GC invocations=18 (full 0):
 garbage-first heap   total 129024K, used 104924K [0x0000000080000000, 0x0000000100000000)
  region size 1024K, 48 young (49152K), 6 survivors (6144K)
 Metaspace       used 73817K, capacity 75355K, committed 75692K, reserved 1114112K
  class space    used 9558K, capacity 10140K, committed 10240K, reserved 1048576K
}
Event: 35.734 GC heap after
{Heap after GC invocations=19 (full 0):
 garbage-first heap   total 129024K, used 64518K [0x0000000080000000, 0x0000000100000000)
  region size 1024K, 3 young (3072K), 3 survivors (3072K)
 Metaspace       used 73817K, capacity 75355K, committed 75692K, reserved 1114112K
  class space    used 9558K, capacity 10140K, committed 10240K, reserved 1048576K
}
Event: 37.603 GC heap before
{Heap before GC invocations=19 (full 0):
 garbage-first heap   total 129024K, used 105478K [0x0000000080000000, 0x0000000100000000)
  region size 1024K, 43 young (44032K), 3 survivors (3072K)
 Metaspace       used 76921K, capacity 78668K, committed 78764K, reserved 1118208K
  class space    used 9988K, capacity 10671K, committed 10752K, reserved 1048576K
}
Event: 37.618 GC heap after
{Heap after GC invocations=20 (full 0):
 garbage-first heap   total 129024K, used 67732K [0x0000000080000000, 0x0000000100000000)
  region size 1024K, 6 young (6144K), 6 survivors (6144K)
 Metaspace       used 76921K, capacity 78668K, committed 78764K, reserved 1118208K
  class space    used 9988K, capacity 10671K, committed 10752K, reserved 1048576K
}
Event: 39.363 GC heap before
{Heap before GC invocations=21 (full 0):
 garbage-first heap   total 129024K, used 106644K [0x0000000080000000, 0x0000000100000000)
  region size 1024K, 44 young (45056K), 6 survivors (6144K)
 Metaspace       used 81589K, capacity 83390K, committed 83500K, reserved 1122304K
  class space    used 10645K, capacity 11337K, committed 11392K, reserved 1048576K
}
Event: 39.372 GC heap after
{Heap after GC invocations=22 (full 0):
 garbage-first heap   total 129024K, used 69714K [0x0000000080000000, 0x0000000100000000)
  region size 1024K, 3 young (3072K), 3 survivors (3072K)
 Metaspace       used 81589K, capacity 83390K, committed 83500K, reserved 1122304K
  class space    used 10645K, capacity 11337K, committed 11392K, reserved 1048576K
}
Event: 41.147 GC heap before
{Heap before GC invocations=22 (full 0):
 garbage-first heap   total 129024K, used 106578K [0x0000000080000000, 0x0000000100000000)
  region size 1024K, 40 young (40960K), 3 survivors (3072K)
 Metaspace       used 84390K, capacity 86279K, committed 86572K, reserved 1124352K
  class space    used 11082K, capacity 11806K, committed 11904K, reserved 1048576K
}
Event: 41.155 GC heap after
{Heap after GC invocations=23 (full 0):
 garbage-first heap   total 129024K, used 72041K [0x0000000080000000, 0x0000000100000000)
  region size 1024K, 5 young (5120K), 5 survivors (5120K)
 Metaspace       used 84390K, capacity 86279K, committed 86572K, reserved 1124352K
  class space    used 11082K, capacity 11806K, committed 11904K, reserved 1048576K
}
Event: 41.959 GC heap before
{Heap before GC invocations=24 (full 0):
 garbage-first heap   total 129024K, used 106857K [0x0000000080000000, 0x0000000100000000)
  region size 1024K, 40 young (40960K), 5 survivors (5120K)
 Metaspace       used 84870K, capacity 86873K, committed 87212K, reserved 1124352K
  class space    used 11120K, capacity 11911K, committed 12032K, reserved 1048576K
}
Event: 41.973 GC heap after
{Heap after GC invocations=25 (full 0):
 garbage-first heap   total 129024K, used 74544K [0x0000000080000000, 0x0000000100000000)
  region size 1024K, 3 young (3072K), 3 survivors (3072K)
 Metaspace       used 84870K, capacity 86873K, committed 87212K, reserved 1124352K
  class space    used 11120K, capacity 11911K, committed 12032K, reserved 1048576K
}
Event: 43.364 GC heap before
{Heap before GC invocations=25 (full 0):
 garbage-first heap   total 129024K, used 107312K [0x0000000080000000, 0x0000000100000000)
  region size 1024K, 36 young (36864K), 3 survivors (3072K)
 Metaspace       used 85426K, capacity 87467K, committed 87724K, reserved 1124352K
  class space    used 11166K, capacity 11939K, committed 12032K, reserved 1048576K
}
Event: 43.377 GC heap after
{Heap after GC invocations=26 (full 0):
 garbage-first heap   total 129024K, used 77350K [0x0000000080000000, 0x0000000100000000)
  region size 1024K, 5 young (5120K), 5 survivors (5120K)
 Metaspace       used 85426K, capacity 87467K, committed 87724K, reserved 1124352K
  class space    used 11166K, capacity 11939K, committed 12032K, reserved 1048576K
}
Event: 44.342 GC heap before
{Heap before GC invocations=27 (full 0):
 garbage-first heap   total 129024K, used 107046K [0x0000000080000000, 0x0000000100000000)
  region size 1024K, 35 young (35840K), 5 survivors (5120K)
 Metaspace       used 86226K, capacity 88224K, committed 88364K, reserved 1126400K
  class space    used 11258K, capacity 12032K, committed 12160K, reserved 1048576K
}
Event: 44.352 GC heap after
{Heap after GC invocations=28 (full 0):
 garbage-first heap   total 129024K, used 79413K [0x0000000080000000, 0x0000000100000000)
  region size 1024K, 3 young (3072K), 3 survivors (3072K)
 Metaspace       used 86226K, capacity 88224K, committed 88364K, reserved 1126400K
  class space    used 11258K, capacity 12032K, committed 12160K, reserved 1048576K
}
Event: 44.939 GC heap before
{Heap before GC invocations=28 (full 0):
 garbage-first heap   total 129024K, used 107061K [0x0000000080000000, 0x0000000100000000)
  region size 1024K, 31 young (31744K), 3 survivors (3072K)
 Metaspace       used 88272K, capacity 90304K, committed 90412K, reserved 1128448K
  class space    used 11535K, capacity 12320K, committed 12416K, reserved 1048576K
}
Event: 44.946 GC heap after
{Heap after GC invocations=29 (full 0):
 garbage-first heap   total 129024K, used 79719K [0x0000000080000000, 0x0000000100000000)
  region size 1024K, 3 young (3072K), 3 survivors (3072K)
 Metaspace       used 88272K, capacity 90304K, committed 90412K, reserved 1128448K
  class space    used 11535K, capacity 12320K, committed 12416K, reserved 1048576K
}
Event: 46.799 GC heap before
{Heap before GC invocations=30 (full 0):
 garbage-first heap   total 129024K, used 107367K [0x0000000080000000, 0x0000000100000000)
  region size 1024K, 31 young (31744K), 3 survivors (3072K)
 Metaspace       used 90359K, capacity 92323K, committed 92460K, reserved 1128448K
  class space    used 11790K, capacity 12566K, committed 12672K, reserved 1048576K
}
Event: 46.803 GC heap after
{Heap after GC invocations=31 (full 0):
 garbage-first heap   total 129024K, used 81059K [0x0000000080000000, 0x0000000100000000)
  region size 1024K, 2 young (2048K), 2 survivors (2048K)
 Metaspace       used 90359K, capacity 92323K, committed 92460K, reserved 1128448K
  class space    used 11790K, capacity 12566K, committed 12672K, reserved 1048576K
}
Event: 47.825 GC heap before
{Heap before GC invocations=31 (full 0):
 garbage-first heap   total 129024K, used 109731K [0x0000000080000000, 0x0000000100000000)
  region size 1024K, 30 young (30720K), 2 survivors (2048K)
 Metaspace       used 92264K, capacity 94449K, committed 94764K, reserved 1130496K
  class space    used 12010K, capacity 12804K, committed 12928K, reserved 1048576K
}
Event: 47.833 GC heap after
{Heap after GC invocations=32 (full 0):
 garbage-first heap   total 129024K, used 83310K [0x0000000080000000, 0x0000000100000000)
  region size 1024K, 4 young (4096K), 4 survivors (4096K)
 Metaspace       used 92264K, capacity 94449K, committed 94764K, reserved 1130496K
  class space    used 12010K, capacity 12804K, committed 12928K, reserved 1048576K
}

